<?xml version="1.0" encoding="UTF-8"?>
<testng-results ignored="0" total="1" passed="1" failed="0" skipped="0">
  <reporter-output>
  </reporter-output>
  <suite started-at="2022-11-16T14:52:57 IST" name="Default suite" finished-at="2022-11-16T14:53:08 IST" duration-ms="11257">
    <groups>
    </groups>
    <test started-at="2022-11-16T14:52:57 IST" name="Default test" finished-at="2022-11-16T14:53:08 IST" duration-ms="11257">
      <class name="testCases.makeAnOrder">
        <test-method is-config="true" signature="setUp()[pri:0, instance:testCases.makeAnOrder@6c80d78a]" started-at="2022-11-16T14:52:57 IST" name="setUp" finished-at="2022-11-16T14:53:01 IST" duration-ms="4192" status="PASS">
          <reporter-output>
          </reporter-output>
        </test-method> <!-- setUp -->
        <test-method signature="order()[pri:0, instance:testCases.makeAnOrder@6c80d78a]" started-at="2022-11-16T14:53:01 IST" name="order" finished-at="2022-11-16T14:53:08 IST" duration-ms="6898" status="PASS">
          <reporter-output>
          </reporter-output>
        </test-method> <!-- order -->
        <test-method is-config="true" signature="tearDown()[pri:0, instance:testCases.makeAnOrder@6c80d78a]" started-at="2022-11-16T14:53:08 IST" name="tearDown" finished-at="2022-11-16T14:53:08 IST" duration-ms="130" status="PASS">
          <reporter-output>
          </reporter-output>
        </test-method> <!-- tearDown -->
      </class> <!-- testCases.makeAnOrder -->
    </test> <!-- Default test -->
  </suite> <!-- Default suite -->
</testng-results>
